{"message":"could not get the messages","stack":"Error: could not get the messages\n    at router.get (/home/roelly/Desktop/webDevelopment/Batch/nodeJS/routes/msgs.js:12:11)\n    at newFn (/home/roelly/Desktop/webDevelopment/Batch/nodeJS/node_modules/express-async-errors/index.js:16:20)\n    at Layer.handle [as handle_request] (/home/roelly/Desktop/webDevelopment/Batch/nodeJS/node_modules/express/lib/router/layer.js:95:5)\n    at next (/home/roelly/Desktop/webDevelopment/Batch/nodeJS/node_modules/express/lib/router/route.js:137:13)\n    at Route.dispatch (/home/roelly/Desktop/webDevelopment/Batch/nodeJS/node_modules/express/lib/router/route.js:112:3)\n    at newFn (/home/roelly/Desktop/webDevelopment/Batch/nodeJS/node_modules/express-async-errors/index.js:16:20)\n    at Layer.handle [as handle_request] (/home/roelly/Desktop/webDevelopment/Batch/nodeJS/node_modules/express/lib/router/layer.js:95:5)\n    at /home/roelly/Desktop/webDevelopment/Batch/nodeJS/node_modules/express/lib/router/index.js:281:22\n    at Function.process_params (/home/roelly/Desktop/webDevelopment/Batch/nodeJS/node_modules/express/lib/router/index.js:335:12)\n    at next (/home/roelly/Desktop/webDevelopment/Batch/nodeJS/node_modules/express/lib/router/index.js:275:10)\n    at Function.handle (/home/roelly/Desktop/webDevelopment/Batch/nodeJS/node_modules/express/lib/router/index.js:174:3)\n    at router (/home/roelly/Desktop/webDevelopment/Batch/nodeJS/node_modules/express/lib/router/index.js:47:12)\n    at newFn (/home/roelly/Desktop/webDevelopment/Batch/nodeJS/node_modules/express-async-errors/index.js:16:20)\n    at Layer.handle [as handle_request] (/home/roelly/Desktop/webDevelopment/Batch/nodeJS/node_modules/express/lib/router/layer.js:95:5)\n    at trim_prefix (/home/roelly/Desktop/webDevelopment/Batch/nodeJS/node_modules/express/lib/router/index.js:317:13)\n    at /home/roelly/Desktop/webDevelopment/Batch/nodeJS/node_modules/express/lib/router/index.js:284:7","level":"error","timestamp":"2019-03-24T08:13:02.128Z"}
{"message":"could not get the messages","stack":"Error: could not get the messages\n    at router.get (/home/roelly/Desktop/webDevelopment/Batch/nodeJS/routes/msgs.js:12:11)\n    at newFn (/home/roelly/Desktop/webDevelopment/Batch/nodeJS/node_modules/express-async-errors/index.js:16:20)\n    at Layer.handle [as handle_request] (/home/roelly/Desktop/webDevelopment/Batch/nodeJS/node_modules/express/lib/router/layer.js:95:5)\n    at next (/home/roelly/Desktop/webDevelopment/Batch/nodeJS/node_modules/express/lib/router/route.js:137:13)\n    at Route.dispatch (/home/roelly/Desktop/webDevelopment/Batch/nodeJS/node_modules/express/lib/router/route.js:112:3)\n    at newFn (/home/roelly/Desktop/webDevelopment/Batch/nodeJS/node_modules/express-async-errors/index.js:16:20)\n    at Layer.handle [as handle_request] (/home/roelly/Desktop/webDevelopment/Batch/nodeJS/node_modules/express/lib/router/layer.js:95:5)\n    at /home/roelly/Desktop/webDevelopment/Batch/nodeJS/node_modules/express/lib/router/index.js:281:22\n    at Function.process_params (/home/roelly/Desktop/webDevelopment/Batch/nodeJS/node_modules/express/lib/router/index.js:335:12)\n    at next (/home/roelly/Desktop/webDevelopment/Batch/nodeJS/node_modules/express/lib/router/index.js:275:10)\n    at Function.handle (/home/roelly/Desktop/webDevelopment/Batch/nodeJS/node_modules/express/lib/router/index.js:174:3)\n    at router (/home/roelly/Desktop/webDevelopment/Batch/nodeJS/node_modules/express/lib/router/index.js:47:12)\n    at newFn (/home/roelly/Desktop/webDevelopment/Batch/nodeJS/node_modules/express-async-errors/index.js:16:20)\n    at Layer.handle [as handle_request] (/home/roelly/Desktop/webDevelopment/Batch/nodeJS/node_modules/express/lib/router/layer.js:95:5)\n    at trim_prefix (/home/roelly/Desktop/webDevelopment/Batch/nodeJS/node_modules/express/lib/router/index.js:317:13)\n    at /home/roelly/Desktop/webDevelopment/Batch/nodeJS/node_modules/express/lib/router/index.js:284:7","level":"error","timestamp":"2019-03-24T08:15:37.829Z"}
{"message":"Something has failed during startup","stack":"Error: Something has failed during startup\n    at Object.<anonymous> (/home/roelly/Desktop/webDevelopment/Batch/nodeJS/Server.js:11:7)\n    at Module._compile (module.js:653:30)\n    at Object.Module._extensions..js (module.js:664:10)\n    at Module.load (module.js:566:32)\n    at tryModuleLoad (module.js:506:12)\n    at Function.Module._load (module.js:498:3)\n    at Function.Module.runMain (module.js:694:10)\n    at startup (bootstrap_node.js:204:16)\n    at bootstrap_node.js:625:3","level":"error","timestamp":"2019-03-24T08:34:01.425Z"}
{"message":"Something failed misrebaly","stack":"Error: Something failed misrebaly\n    at Object.<anonymous> (/home/roelly/Desktop/webDevelopment/Batch/nodeJS/Server.js:11:26)\n    at Module._compile (module.js:653:30)\n    at Object.Module._extensions..js (module.js:664:10)\n    at Module.load (module.js:566:32)\n    at tryModuleLoad (module.js:506:12)\n    at Function.Module._load (module.js:498:3)\n    at Function.Module.runMain (module.js:694:10)\n    at startup (bootstrap_node.js:204:16)\n    at bootstrap_node.js:625:3","level":"error","timestamp":"2019-03-24T08:38:21.216Z"}
{"message":"Something failed misrebaly","stack":"Error: Something failed misrebaly\n    at Object.<anonymous> (/home/roelly/Desktop/webDevelopment/Batch/nodeJS/Server.js:11:26)\n    at Module._compile (module.js:653:30)\n    at Object.Module._extensions..js (module.js:664:10)\n    at Module.load (module.js:566:32)\n    at tryModuleLoad (module.js:506:12)\n    at Function.Module._load (module.js:498:3)\n    at Function.Module.runMain (module.js:694:10)\n    at startup (bootstrap_node.js:204:16)\n    at bootstrap_node.js:625:3","level":"error","timestamp":"2019-03-24T08:38:46.979Z"}
{"message":"Something failed misrebaly","stack":"Error: Something failed misrebaly\n    at Object.<anonymous> (/home/roelly/Desktop/webDevelopment/Batch/nodeJS/Server.js:11:26)\n    at Module._compile (module.js:653:30)\n    at Object.Module._extensions..js (module.js:664:10)\n    at Module.load (module.js:566:32)\n    at tryModuleLoad (module.js:506:12)\n    at Function.Module._load (module.js:498:3)\n    at Function.Module.runMain (module.js:694:10)\n    at startup (bootstrap_node.js:204:16)\n    at bootstrap_node.js:625:3","level":"error","timestamp":"2019-03-24T08:39:56.014Z"}
{"level":"info","message":"Listening to port","timestamp":"2019-03-24T11:25:43.503Z"}
{"level":"info","message":"Listening to port","timestamp":"2019-03-24T11:25:44.900Z"}
{"level":"info","message":"Listening to port 3000","timestamp":"2019-03-24T11:26:09.967Z"}
{"level":"info","message":"Listening to port 3000","timestamp":"2019-03-24T11:26:10.347Z"}
{"level":"info","message":"Listening to port 3000...","timestamp":"2019-03-24T11:26:17.839Z"}
{"level":"info","message":"Listening to port 3000...","timestamp":"2019-03-24T11:26:19.376Z"}
{"level":"info","message":"Listening to port 3000...","timestamp":"2019-03-24T11:26:55.445Z"}
{"level":"info","message":"Listening to port 3000...","timestamp":"2019-03-24T11:26:55.942Z"}
{"level":"info","message":"Listening to port 3000...","timestamp":"2019-03-24T11:28:07.535Z"}
{"level":"info","message":"Listening to port 3000...","timestamp":"2019-03-24T11:28:36.008Z"}
{"level":"info","message":"Connected to mongodb://localhost/batch...","timestamp":"2019-03-24T11:28:36.089Z"}
{"level":"info","message":"Connected to mongodb://localhost/batch_test...","timestamp":"2019-03-24T11:28:36.392Z"}
{"level":"info","message":"Listening to port 3000...","timestamp":"2019-03-24T11:28:36.455Z"}
{"level":"info","message":"Listening to port 3000...","timestamp":"2019-03-24T11:30:17.234Z"}
{"level":"info","message":"Connected to mongodb://localhost/batch...","timestamp":"2019-03-24T11:30:17.336Z"}
{"level":"info","message":"Connected to mongodb://localhost/batch_test...","timestamp":"2019-03-24T11:30:17.628Z"}
{"level":"info","message":"Listening to port 3000...","timestamp":"2019-03-24T11:30:17.689Z"}
{"level":"info","message":"Listening to port 3000...","timestamp":"2019-03-24T11:30:53.974Z"}
{"level":"info","message":"Connected to mongodb://localhost/batch...","timestamp":"2019-03-24T11:30:54.050Z"}
{"level":"info","message":"Connected to mongodb://localhost/batch_test...","timestamp":"2019-03-24T11:30:55.742Z"}
{"level":"info","message":"Listening to port 3000...","timestamp":"2019-03-24T11:30:55.828Z"}
{"level":"info","message":"Listening to port 3000...","timestamp":"2019-03-24T11:46:15.359Z"}
{"level":"info","message":"Connected to mongodb://localhost/batch_test...","timestamp":"2019-03-24T11:46:15.458Z"}
{"message":"messages validation failed: title: Path `title` is required.","errors":{"title":{"message":"Path `title` is required.","name":"ValidatorError","properties":{"message":"Path `title` is required.","type":"required","path":"title","value":""},"kind":"required","path":"title","value":""}},"_message":"messages validation failed","stack":"ValidationError: title: Path `title` is required.\n    at new ValidationError (/home/roelly/Desktop/webDevelopment/Batch/nodeJS/node_modules/mongoose/lib/error/validation.js:30:11)\n    at model.Object.<anonymous>.Document.invalidate (/home/roelly/Desktop/webDevelopment/Batch/nodeJS/node_modules/mongoose/lib/document.js:2080:32)\n    at p.doValidate.skipSchemaValidators (/home/roelly/Desktop/webDevelopment/Batch/nodeJS/node_modules/mongoose/lib/document.js:1943:17)\n    at /home/roelly/Desktop/webDevelopment/Batch/nodeJS/node_modules/mongoose/lib/schematype.js:933:9\n    at _combinedTickCallback (internal/process/next_tick.js:132:7)\n    at process._tickCallback (internal/process/next_tick.js:181:9)","name":"ValidationError","level":"error","timestamp":"2019-03-24T11:46:15.582Z"}
{"level":"info","message":"Listening to port 3000...","timestamp":"2019-03-24T11:46:15.811Z"}
{"level":"info","message":"Connected to mongodb://localhost/batch_test...","timestamp":"2019-03-24T11:46:15.883Z"}
{"level":"info","message":"Listening to port 3000...","timestamp":"2019-03-24T11:46:16.177Z"}
{"level":"info","message":"Connected to mongodb://localhost/batch_test...","timestamp":"2019-03-24T11:46:16.184Z"}
{"level":"info","message":"Listening to port 3000...","timestamp":"2019-03-24T11:46:16.701Z"}
{"level":"info","message":"Connected to mongodb://localhost/batch_test...","timestamp":"2019-03-24T11:46:16.708Z"}
{"level":"info","message":"Listening to port 3000...","timestamp":"2019-03-24T11:46:17.060Z"}
{"level":"info","message":"Connected to mongodb://localhost/batch_test...","timestamp":"2019-03-24T11:46:17.069Z"}
{"level":"info","message":"Listening to port 3000...","timestamp":"2019-03-24T11:46:50.498Z"}
{"level":"info","message":"Connected to mongodb://localhost/batch_test...","timestamp":"2019-03-24T11:46:50.595Z"}
{"message":"messages validation failed: title: Path `title` is required.","errors":{"title":{"message":"Path `title` is required.","name":"ValidatorError","properties":{"message":"Path `title` is required.","type":"required","path":"title","value":""},"kind":"required","path":"title","value":""}},"_message":"messages validation failed","stack":"ValidationError: title: Path `title` is required.\n    at new ValidationError (/home/roelly/Desktop/webDevelopment/Batch/nodeJS/node_modules/mongoose/lib/error/validation.js:30:11)\n    at model.Object.<anonymous>.Document.invalidate (/home/roelly/Desktop/webDevelopment/Batch/nodeJS/node_modules/mongoose/lib/document.js:2080:32)\n    at p.doValidate.skipSchemaValidators (/home/roelly/Desktop/webDevelopment/Batch/nodeJS/node_modules/mongoose/lib/document.js:1943:17)\n    at /home/roelly/Desktop/webDevelopment/Batch/nodeJS/node_modules/mongoose/lib/schematype.js:933:9\n    at _combinedTickCallback (internal/process/next_tick.js:132:7)\n    at process._tickCallback (internal/process/next_tick.js:181:9)","name":"ValidationError","level":"error","timestamp":"2019-03-24T11:46:50.725Z"}
{"level":"info","message":"Listening to port 3000...","timestamp":"2019-03-24T11:46:50.952Z"}
{"level":"info","message":"Connected to mongodb://localhost/batch_test...","timestamp":"2019-03-24T11:46:51.025Z"}
{"level":"info","message":"Listening to port 3000...","timestamp":"2019-03-24T11:46:51.394Z"}
{"level":"info","message":"Connected to mongodb://localhost/batch_test...","timestamp":"2019-03-24T11:46:51.401Z"}
{"level":"info","message":"Listening to port 3000...","timestamp":"2019-03-24T11:46:51.933Z"}
{"level":"info","message":"Connected to mongodb://localhost/batch_test...","timestamp":"2019-03-24T11:46:51.944Z"}
{"level":"info","message":"Listening to port 3000...","timestamp":"2019-03-24T11:46:52.225Z"}
{"level":"info","message":"Connected to mongodb://localhost/batch_test...","timestamp":"2019-03-24T11:46:52.234Z"}
{"level":"info","message":"Listening to port 3000...","timestamp":"2019-03-24T12:23:09.829Z"}
{"level":"info","message":"Connected to mongodb://localhost/batch_test...","timestamp":"2019-03-24T12:23:09.904Z"}
{"level":"info","message":"Listening to port 3000...","timestamp":"2019-03-24T12:23:23.519Z"}
{"level":"info","message":"Connected to mongodb://localhost/batch_test...","timestamp":"2019-03-24T12:23:24.430Z"}
{"level":"info","message":"Listening to port 3000...","timestamp":"2019-03-24T12:25:41.549Z"}
{"level":"info","message":"Connected to mongodb://localhost/batch_test...","timestamp":"2019-03-24T12:25:41.625Z"}
